<?xml version="1.0" encoding="UTF-8"?>
<testsuite name="ch.zhaw.iwi.devops.demo.ToDoControllerTest" tests="4" skipped="0" failures="0" errors="0" timestamp="2025-05-13T10:47:40" hostname="MacBook-Pro-von-Zilan-293.local" time="0.13">
  <properties/>
  <testcase name="testPing()" classname="ch.zhaw.iwi.devops.demo.ToDoControllerTest" time="0.001"/>
  <testcase name="testTest()" classname="ch.zhaw.iwi.devops.demo.ToDoControllerTest" time="0.0"/>
  <testcase name="testCreate()" classname="ch.zhaw.iwi.devops.demo.ToDoControllerTest" time="0.001"/>
  <testcase name="testDelete()" classname="ch.zhaw.iwi.devops.demo.ToDoControllerTest" time="0.128"/>
  <system-out><![CDATA[]]></system-out>
  <system-err><![CDATA[]]></system-err>
</testsuite>
