<?xml version="1.0" encoding="UTF-8"?>
<testsuite name="ch.zhaw.iwi.devops.demo.DemoApplicationTests" tests="1" skipped="0" failures="0" errors="0" timestamp="2025-05-13T10:47:40" hostname="MacBook-Pro-von-Zilan-293.local" time="0.429">
  <properties/>
  <testcase name="contextLoads()" classname="ch.zhaw.iwi.devops.demo.DemoApplicationTests" time="0.429"/>
  <system-out><![CDATA[12:47:38.144 [Test worker] INFO org.springframework.test.context.support.AnnotationConfigContextLoaderUtils -- Could not detect default configuration classes for test class [ch.zhaw.iwi.devops.demo.DemoApplicationTests]: DemoApplicationTests does not declare any static, non-private, non-final, nested classes annotated with @Configuration.
12:47:38.244 [Test worker] INFO org.springframework.boot.test.context.SpringBootTestContextBootstrapper -- Found @SpringBootConfiguration ch.zhaw.iwi.devops.demo.DemoApplication for test class ch.zhaw.iwi.devops.demo.DemoApplicationTests

  .   ____          _            __ _ _
 /\\ / ___'_ __ _ _(_)_ __  __ _ \ \ \ \
( ( )\___ | '_ | '_| | '_ \/ _` | \ \ \ \
 \\/  ___)| |_)| | | | | || (_| |  ) ) ) )
  '  |____| .__|_| |_|_| |_\__, | / / / /
 =========|_|==============|___/=/_/_/_/

 :: Spring Boot ::                (v3.3.5)

2025-05-13T12:47:38.524+02:00  INFO 36261 --- [    Test worker] c.z.i.devops.demo.DemoApplicationTests   : Starting DemoApplicationTests using Java 21.0.5 with PID 36261 (started by zilancavas in /Users/zilancavas/DevOpsDemo/DevOps-03-DevOpsDemo/backend)
2025-05-13T12:47:38.525+02:00  INFO 36261 --- [    Test worker] c.z.i.devops.demo.DemoApplicationTests   : No active profile set, falling back to 1 default profile: "default"
2025-05-13T12:47:38.972+02:00  INFO 36261 --- [    Test worker] .s.d.r.c.RepositoryConfigurationDelegate : Bootstrapping Spring Data JPA repositories in DEFAULT mode.
2025-05-13T12:47:38.988+02:00  INFO 36261 --- [    Test worker] .s.d.r.c.RepositoryConfigurationDelegate : Finished Spring Data repository scanning in 11 ms. Found 0 JPA repository interfaces.
2025-05-13T12:47:39.228+02:00  INFO 36261 --- [    Test worker] com.zaxxer.hikari.HikariDataSource       : HikariPool-1 - Starting...
2025-05-13T12:47:39.444+02:00  INFO 36261 --- [    Test worker] com.zaxxer.hikari.pool.HikariPool        : HikariPool-1 - Added connection conn0: url=jdbc:h2:mem:testdb user=SA
2025-05-13T12:47:39.445+02:00  INFO 36261 --- [    Test worker] com.zaxxer.hikari.HikariDataSource       : HikariPool-1 - Start completed.
2025-05-13T12:47:39.483+02:00  INFO 36261 --- [    Test worker] o.hibernate.jpa.internal.util.LogHelper  : HHH000204: Processing PersistenceUnitInfo [name: default]
2025-05-13T12:47:39.524+02:00  INFO 36261 --- [    Test worker] org.hibernate.Version                    : HHH000412: Hibernate ORM core version 6.5.3.Final
2025-05-13T12:47:39.551+02:00  INFO 36261 --- [    Test worker] o.h.c.internal.RegionFactoryInitiator    : HHH000026: Second-level cache disabled
2025-05-13T12:47:39.770+02:00  INFO 36261 --- [    Test worker] o.s.o.j.p.SpringPersistenceUnitInfo      : No LoadTimeWeaver setup: ignoring JPA class transformer
2025-05-13T12:47:39.807+02:00  WARN 36261 --- [    Test worker] org.hibernate.orm.deprecation            : HHH90000025: H2Dialect does not need to be specified explicitly using 'hibernate.dialect' (remove the property setting and it will be selected by default)
2025-05-13T12:47:40.048+02:00  INFO 36261 --- [    Test worker] o.h.e.t.j.p.i.JtaPlatformInitiator       : HHH000489: No JTA platform available (set 'hibernate.transaction.jta.platform' to enable JTA platform integration)
2025-05-13T12:47:40.052+02:00  INFO 36261 --- [    Test worker] j.LocalContainerEntityManagerFactoryBean : Initialized JPA EntityManagerFactory for persistence unit 'default'
2025-05-13T12:47:40.184+02:00  WARN 36261 --- [    Test worker] JpaBaseConfiguration$JpaWebConfiguration : spring.jpa.open-in-view is enabled by default. Therefore, database queries may be performed during view rendering. Explicitly configure spring.jpa.open-in-view to disable this warning
2025-05-13T12:47:40.445+02:00  INFO 36261 --- [    Test worker] o.s.b.a.h2.H2ConsoleAutoConfiguration    : H2 console available at '/h2-console'. Database available at 'jdbc:h2:mem:testdb'
2025-05-13T12:47:40.487+02:00  INFO 36261 --- [    Test worker] c.z.i.devops.demo.DemoApplicationTests   : Started DemoApplicationTests in 2.123 seconds (process running for 3.169)
Init Data
]]></system-out>
  <system-err><![CDATA[WARNING: A Java agent has been loaded dynamically (/Users/zilancavas/.gradle/caches/modules-2/files-2.1/net.bytebuddy/byte-buddy-agent/1.14.19/154da3a65b4f4a909d3e5bdec55d1b2b4cbb6ce1/byte-buddy-agent-1.14.19.jar)
WARNING: If a serviceability tool is in use, please run with -XX:+EnableDynamicAgentLoading to hide this warning
WARNING: If a serviceability tool is not in use, please run with -Djdk.instrument.traceUsage for more information
WARNING: Dynamic loading of agents will be disallowed by default in a future release
]]></system-err>
</testsuite>
