<?xml version="1.0" encoding="UTF-8"?>
<testsuite name="ch.zhaw.iwi.devops.demo.PathListEntryTest" tests="6" skipped="0" failures="0" errors="0" timestamp="2025-05-13T10:47:40" hostname="MacBook-Pro-von-Zilan-293.local" time="0.008">
  <properties/>
  <testcase name="testKeyHashCodeAndEquals()" classname="ch.zhaw.iwi.devops.demo.PathListEntryTest" time="0.004"/>
  <testcase name="testEqualsAndHashCodeWithNullValues()" classname="ch.zhaw.iwi.devops.demo.PathListEntryTest" time="0.001"/>
  <testcase name="testHashCodeAndEquals()" classname="ch.zhaw.iwi.devops.demo.PathListEntryTest" time="0.0"/>
  <testcase name="testEqualsAndHashCodeWithDifferentValues()" classname="ch.zhaw.iwi.devops.demo.PathListEntryTest" time="0.0"/>
  <testcase name="testSettersAndGetters()" classname="ch.zhaw.iwi.devops.demo.PathListEntryTest" time="0.002"/>
  <testcase name="testConstructor()" classname="ch.zhaw.iwi.devops.demo.PathListEntryTest" time="0.0"/>
  <system-out><![CDATA[]]></system-out>
  <system-err><![CDATA[]]></system-err>
</testsuite>
